:operatorsCExtractHeaders
:compileFailingOperatorsTestCUnitExeOperatorsC
:operatorsTestCUnitLauncher
:operatorsTestCunitExtractHeaders
:compileFailingOperatorsTestCUnitExeOperatorsTestCunit
:operatorsTestCunitLauncherExtractHeaders
:compileFailingOperatorsTestCUnitExeOperatorsTestCunitLauncher
:linkFailingOperatorsTestCUnitExe
:failingOperatorsTestCUnitExe
:installFailingOperatorsTestCUnitExe
:runFailingOperatorsTestCUnitExe

There were test failures:
  1. /home/user/gradle/samples/native-binaries/cunit/src/operatorsTest/cunit/test_plus.c:6  - plus(0, -2) == -2
  2. /home/user/gradle/samples/native-binaries/cunit/src/operatorsTest/cunit/test_plus.c:7  - plus(2, 2) == 4

:runFailingOperatorsTestCUnitExe FAILED

BUILD FAILED

Total time: 1 secs
